<?xml version="1.0" encoding="UTF-8"?>
<!-- Generated by org.testng.reporters.JUnitXMLReporter -->
<testsuite ignored="2" hostname="Balaji" failures="0" tests="0" time="0.01" errors="0" timestamp="2022-11-02T15:22:05 IST">
  <testcase classname="com.microfocus.test.LoginTest" name="validLoginTest" time="0.0">
    <ignored/>
  </testcase> <!-- validLoginTest -->
  <testcase classname="com.microfocus.test.LoginTest" name="invalidLoginTest" time="0.0">
    <ignored/>
  </testcase> <!-- invalidLoginTest -->
</testsuite>
