<?xml version="1.0" encoding="UTF-8"?>
<!-- Generated by org.testng.reporters.JUnitXMLReporter -->
<testsuite ignored="1" hostname="Balaji" failures="0" tests="1" name="Default test" time="352.454" errors="0" timestamp="2022-11-02T17:24:18 IST">
  <testcase classname="com.microfocus.test.LoginTest" name="validLoginTest" time="295.065"/>
  <testcase classname="com.microfocus.test.LoginTest" name="invalidLoginTest" time="0.0">
    <ignored/>
  </testcase> <!-- invalidLoginTest -->
</testsuite> <!-- Default test -->
