<?xml version="1.0" encoding="UTF-8"?>
<!-- Generated by org.testng.reporters.JUnitXMLReporter -->
<testsuite ignored="1" hostname="Balaji" failures="0" tests="2" name="Default test" time="42.364" errors="0" timestamp="2022-11-02T11:03:42 IST">
  <testcase classname="com.microfocus.test.LoginTest" name="invalidLoginTest" time="3.794"/>
  <testcase classname="com.microfocus.test.LoginTest" name="invalidLoginTest" time="7.721"/>
  <testcase classname="com.microfocus.test.LoginTest" name="validLoginTest" time="0.0">
    <ignored/>
  </testcase> <!-- validLoginTest -->
</testsuite> <!-- Default test -->
