<?xml version="1.0" encoding="UTF-8"?>
<testng-results ignored="0" total="4" passed="4" failed="0" skipped="0">
  <reporter-output>
  </reporter-output>
  <suite started-at="2022-11-02T16:49:24 IST" name="Orange HRM Suite" finished-at="2022-11-02T16:50:09 IST" duration-ms="45499">
    <groups>
    </groups>
    <test started-at="2022-11-02T16:49:24 IST" name="Login Test Ch" finished-at="2022-11-02T16:50:05 IST" duration-ms="41359">
      <class name="com.microfocus.test.LoginUITest">
        <test-method is-config="true" signature="setup(java.lang.String,java.lang.reflect.Method)[pri:0, instance:com.microfocus.test.LoginUITest@1e0b4072]" started-at="2022-11-02T16:49:24 IST" name="setup" finished-at="2022-11-02T16:49:43 IST" duration-ms="19470" status="PASS">
          <params>
            <param index="0">
              <value>
                <![CDATA[ch]]>
              </value>
            </param>
            <param index="1">
              <value>
                <![CDATA[public void com.microfocus.test.LoginUITest.validateTitleTest()]]>
              </value>
            </param>
          </params>
          <reporter-output>
          </reporter-output>
        </test-method> <!-- setup -->
        <test-method signature="validateTitleTest()[pri:1, instance:com.microfocus.test.LoginUITest@1e0b4072]" started-at="2022-11-02T16:49:43 IST" name="validateTitleTest" finished-at="2022-11-02T16:49:43 IST" duration-ms="293" status="PASS">
          <reporter-output>
          </reporter-output>
        </test-method> <!-- validateTitleTest -->
        <test-method is-config="true" signature="teardown(org.testng.ITestResult)[pri:0, instance:com.microfocus.test.LoginUITest@1e0b4072]" started-at="2022-11-02T16:49:43 IST" name="teardown" finished-at="2022-11-02T16:49:45 IST" duration-ms="2035" status="PASS">
          <params>
            <param index="0">
              <value>
                <![CDATA[[TestResult name=validateTitleTest status=SUCCESS method=LoginUITest.validateTitleTest()[pri:1, instance:com.microfocus.test.LoginUITest@1e0b4072] output={null}]]]>
              </value>
            </param>
          </params>
          <reporter-output>
          </reporter-output>
        </test-method> <!-- teardown -->
        <test-method is-config="true" signature="setup(java.lang.String,java.lang.reflect.Method)[pri:0, instance:com.microfocus.test.LoginUITest@1e0b4072]" started-at="2022-11-02T16:49:45 IST" name="setup" finished-at="2022-11-02T16:49:55 IST" duration-ms="9657" status="PASS">
          <params>
            <param index="0">
              <value>
                <![CDATA[ch]]>
              </value>
            </param>
            <param index="1">
              <value>
                <![CDATA[public void com.microfocus.test.LoginUITest.validatePlaceholderTest()]]>
              </value>
            </param>
          </params>
          <reporter-output>
          </reporter-output>
        </test-method> <!-- setup -->
        <test-method signature="validatePlaceholderTest()[pri:2, instance:com.microfocus.test.LoginUITest@1e0b4072]" started-at="2022-11-02T16:49:55 IST" name="validatePlaceholderTest" finished-at="2022-11-02T16:49:57 IST" duration-ms="1849" status="PASS">
          <reporter-output>
          </reporter-output>
        </test-method> <!-- validatePlaceholderTest -->
        <test-method is-config="true" signature="teardown(org.testng.ITestResult)[pri:0, instance:com.microfocus.test.LoginUITest@1e0b4072]" started-at="2022-11-02T16:49:57 IST" name="teardown" finished-at="2022-11-02T16:50:05 IST" duration-ms="8004" status="PASS">
          <params>
            <param index="0">
              <value>
                <![CDATA[[TestResult name=validatePlaceholderTest status=SUCCESS method=LoginUITest.validatePlaceholderTest()[pri:2, instance:com.microfocus.test.LoginUITest@1e0b4072] output={null}]]]>
              </value>
            </param>
          </params>
          <reporter-output>
          </reporter-output>
        </test-method> <!-- teardown -->
      </class> <!-- com.microfocus.test.LoginUITest -->
    </test> <!-- Login Test Ch -->
    <test started-at="2022-11-02T16:49:24 IST" name="Login Test Edge" finished-at="2022-11-02T16:50:09 IST" duration-ms="45499">
      <class name="com.microfocus.test.LoginUITest">
        <test-method is-config="true" signature="init()[pri:0, instance:com.microfocus.test.LoginUITest@117159c0]" started-at="2022-11-02T16:49:23 IST" name="init" finished-at="2022-11-02T16:49:24 IST" duration-ms="626" status="PASS">
          <reporter-output>
          </reporter-output>
        </test-method> <!-- init -->
        <test-method is-config="true" signature="setup(java.lang.String,java.lang.reflect.Method)[pri:0, instance:com.microfocus.test.LoginUITest@117159c0]" started-at="2022-11-02T16:49:24 IST" name="setup" finished-at="2022-11-02T16:49:53 IST" duration-ms="29603" status="PASS">
          <params>
            <param index="0">
              <value>
                <![CDATA[edge]]>
              </value>
            </param>
            <param index="1">
              <value>
                <![CDATA[public void com.microfocus.test.LoginUITest.validateTitleTest()]]>
              </value>
            </param>
          </params>
          <reporter-output>
          </reporter-output>
        </test-method> <!-- setup -->
        <test-method signature="validateTitleTest()[pri:1, instance:com.microfocus.test.LoginUITest@117159c0]" started-at="2022-11-02T16:49:53 IST" name="validateTitleTest" finished-at="2022-11-02T16:49:53 IST" duration-ms="21" status="PASS">
          <reporter-output>
          </reporter-output>
        </test-method> <!-- validateTitleTest -->
        <test-method is-config="true" signature="teardown(org.testng.ITestResult)[pri:0, instance:com.microfocus.test.LoginUITest@117159c0]" started-at="2022-11-02T16:49:53 IST" name="teardown" finished-at="2022-11-02T16:49:55 IST" duration-ms="1367" status="PASS">
          <params>
            <param index="0">
              <value>
                <![CDATA[[TestResult name=validateTitleTest status=SUCCESS method=LoginUITest.validateTitleTest()[pri:1, instance:com.microfocus.test.LoginUITest@117159c0] output={null}]]]>
              </value>
            </param>
          </params>
          <reporter-output>
          </reporter-output>
        </test-method> <!-- teardown -->
        <test-method is-config="true" signature="setup(java.lang.String,java.lang.reflect.Method)[pri:0, instance:com.microfocus.test.LoginUITest@117159c0]" started-at="2022-11-02T16:49:55 IST" name="setup" finished-at="2022-11-02T16:50:07 IST" duration-ms="12505" status="PASS">
          <params>
            <param index="0">
              <value>
                <![CDATA[edge]]>
              </value>
            </param>
            <param index="1">
              <value>
                <![CDATA[public void com.microfocus.test.LoginUITest.validatePlaceholderTest()]]>
              </value>
            </param>
          </params>
          <reporter-output>
          </reporter-output>
        </test-method> <!-- setup -->
        <test-method signature="validatePlaceholderTest()[pri:2, instance:com.microfocus.test.LoginUITest@117159c0]" started-at="2022-11-02T16:50:07 IST" name="validatePlaceholderTest" finished-at="2022-11-02T16:50:08 IST" duration-ms="1320" status="PASS">
          <reporter-output>
          </reporter-output>
        </test-method> <!-- validatePlaceholderTest -->
        <test-method is-config="true" signature="teardown(org.testng.ITestResult)[pri:0, instance:com.microfocus.test.LoginUITest@117159c0]" started-at="2022-11-02T16:50:08 IST" name="teardown" finished-at="2022-11-02T16:50:09 IST" duration-ms="637" status="PASS">
          <params>
            <param index="0">
              <value>
                <![CDATA[[TestResult name=validatePlaceholderTest status=SUCCESS method=LoginUITest.validatePlaceholderTest()[pri:2, instance:com.microfocus.test.LoginUITest@117159c0] output={null}]]]>
              </value>
            </param>
          </params>
          <reporter-output>
          </reporter-output>
        </test-method> <!-- teardown -->
        <test-method is-config="true" signature="end()[pri:0, instance:com.microfocus.test.LoginUITest@117159c0]" started-at="2022-11-02T16:50:09 IST" name="end" finished-at="2022-11-02T16:50:10 IST" duration-ms="781" status="PASS">
          <reporter-output>
          </reporter-output>
        </test-method> <!-- end -->
      </class> <!-- com.microfocus.test.LoginUITest -->
    </test> <!-- Login Test Edge -->
  </suite> <!-- Orange HRM Suite -->
</testng-results>
