<?xml version="1.0" encoding="UTF-8"?>
<!-- Generated by org.testng.reporters.JUnitXMLReporter -->
<testsuite ignored="1" hostname="Balaji" failures="0" tests="1" name="Login Test Edge 5" time="58.232" errors="0" timestamp="2022-11-03T17:38:35 IST">
  <testcase classname="com.microfocus.test.LoginUITest" name="validateTitleTest" time="0.096"/>
  <testcase classname="com.microfocus.test.LoginUITest" name="validatePlaceholderTest" time="0.0">
    <ignored/>
  </testcase> <!-- validatePlaceholderTest -->
</testsuite> <!-- Login Test Edge 5 -->
