<?xml version="1.0" encoding="UTF-8"?>
<!-- Generated by org.testng.reporters.JUnitXMLReporter -->
<testsuite ignored="0" hostname="Balaji" failures="0" tests="4" name="Login Test" time="62.083" errors="0" timestamp="2022-11-02T09:50:43 IST">
  <testcase classname="com.microfocus.test.LoginUITest" name="validatePlaceholderTest" time="1.585"/>
  <testcase classname="com.microfocus.test.LoginUITest" name="validateTitleTest" time="0.016"/>
  <testcase classname="com.microfocus.test.LoginTest" name="invalidLoginTest" time="2.147"/>
  <testcase classname="com.microfocus.test.LoginTest" name="validLoginTest" time="3.698"/>
</testsuite> <!-- Login Test -->
