<?xml version="1.0" encoding="UTF-8"?>
<!-- Generated by org.testng.reporters.JUnitXMLReporter -->
<testsuite ignored="4" hostname="Balaji" failures="0" tests="2" name="Orange Test" time="45.058" errors="0" timestamp="2022-11-03T09:57:34 IST">
  <testcase classname="com.microfocus.test.LoginUITest" name="validateTitleTest" time="0.042"/>
  <testcase classname="com.microfocus.test.LoginTest" name="validLoginTest" time="5.233"/>
  <testcase classname="com.microfocus.test.LoginUITest" name="validatePlaceholderTest" time="0.0">
    <ignored/>
  </testcase> <!-- validatePlaceholderTest -->
  <testcase classname="com.microfocus.test.LoginTest" name="invalidLoginTest" time="0.0">
    <ignored/>
  </testcase> <!-- invalidLoginTest -->
  <testcase classname="com.microfocus.base.AutomationWrapper" name="@BeforeSuite init" time="0.0">
    <ignored/>
  </testcase> <!-- @BeforeSuite init -->
  <testcase classname="com.microfocus.base.AutomationWrapper" name="@AfterSuite end" time="0.0">
    <ignored/>
  </testcase> <!-- @AfterSuite end -->
</testsuite> <!-- Orange Test -->
